{"uuid":"5894f917-ba42-40bb-b5de-565fe640a598","historyId":"dc1f5bdd5d55de9814dc976d3b6921dc","fullName":"End to end testing: order a laptop in webshop","labels":[{"name":"host","value":"inlen8520029822"},{"name":"thread","value":"4960@inlen8520029822.main(1)"},{"name":"feature","value":"End to end testing"},{"name":"story","value":"order a laptop in webshop"},{"name":"suite","value":"End to end testing"},{"name":"testClass","value":"order a laptop in webshop"},{"name":"framework","value":"cucumber4jvm"},{"name":"language","value":"java"},{"name":"gherkin_uri","value":"file:///C:/Users/SJUPUDI/IdeaProjects/DesignTest/src/main/java/DemopetShop/petshop.feature"},{"name":"package","value":"src.main.java.DemopetShop.petshop_feature.End to end testing"}],"links":[],"name":"order a laptop in webshop","status":"broken","statusDetails":{"known":false,"muted":false,"flaky":false,"message":"element not interactable: Element is not currently visible and may not be manipulated\n  (Session info: chrome=107.0.5304.123)\nBuild info: version: '4.0.0', revision: '3a21814679'\nSystem info: host: 'INLEN8520029822', ip: '192.168.37.1', os.name: 'Windows 10', os.arch: 'amd64', os.version: '10.0', java.version: '11.0.12'\nDriver info: org.openqa.selenium.chrome.ChromeDriver\nCommand: [8b14e26e7f8ef834a8c50c9965aac0ff, clickElement {id=56229789-9c86-49cb-ac86-0a1d46ae92ca}]\nCapabilities {acceptInsecureCerts: false, browserName: chrome, browserVersion: 107.0.5304.123, chrome: {chromedriverVersion: 106.0.5249.61 (511755355844..., userDataDir: C:\\Users\\SJUPUDI\\AppData\\Lo...}, goog:chromeOptions: {debuggerAddress: localhost:56864}, javascriptEnabled: true, networkConnectionEnabled: false, pageLoadStrategy: normal, platform: WINDOWS, platformName: WINDOWS, proxy: Proxy(), se:cdp: ws://localhost:56864/devtoo..., se:cdpVersion: 107.0.5304.123, setWindowRect: true, strictFileInteractability: false, timeouts: {implicit: 0, pageLoad: 300000, script: 30000}, unhandledPromptBehavior: dismiss and notify, webauthn:extension:credBlob: true, webauthn:extension:largeBlob: true, webauthn:virtualAuthenticators: true}\nElement: [[[[ChromeDriver: chrome on WINDOWS (8b14e26e7f8ef834a8c50c9965aac0ff)] -> id: BillingNewAddress_CountryId]] -> tag name: option]\nSession ID: 8b14e26e7f8ef834a8c50c9965aac0ff","trace":"org.openqa.selenium.ElementNotInteractableException: element not interactable: Element is not currently visible and may not be manipulated\n  (Session info: chrome=107.0.5304.123)\nBuild info: version: '4.0.0', revision: '3a21814679'\nSystem info: host: 'INLEN8520029822', ip: '192.168.37.1', os.name: 'Windows 10', os.arch: 'amd64', os.version: '10.0', java.version: '11.0.12'\nDriver info: org.openqa.selenium.chrome.ChromeDriver\nCommand: [8b14e26e7f8ef834a8c50c9965aac0ff, clickElement {id=56229789-9c86-49cb-ac86-0a1d46ae92ca}]\nCapabilities {acceptInsecureCerts: false, browserName: chrome, browserVersion: 107.0.5304.123, chrome: {chromedriverVersion: 106.0.5249.61 (511755355844..., userDataDir: C:\\Users\\SJUPUDI\\AppData\\Lo...}, goog:chromeOptions: {debuggerAddress: localhost:56864}, javascriptEnabled: true, networkConnectionEnabled: false, pageLoadStrategy: normal, platform: WINDOWS, platformName: WINDOWS, proxy: Proxy(), se:cdp: ws://localhost:56864/devtoo..., se:cdpVersion: 107.0.5304.123, setWindowRect: true, strictFileInteractability: false, timeouts: {implicit: 0, pageLoad: 300000, script: 30000}, unhandledPromptBehavior: dismiss and notify, webauthn:extension:credBlob: true, webauthn:extension:largeBlob: true, webauthn:virtualAuthenticators: true}\nElement: [[[[ChromeDriver: chrome on WINDOWS (8b14e26e7f8ef834a8c50c9965aac0ff)] -> id: BillingNewAddress_CountryId]] -> tag name: option]\nSession ID: 8b14e26e7f8ef834a8c50c9965aac0ff\r\n\tat java.base/jdk.internal.reflect.NativeConstructorAccessorImpl.newInstance0(Native Method)\r\n\tat java.base/jdk.internal.reflect.NativeConstructorAccessorImpl.newInstance(NativeConstructorAccessorImpl.java:62)\r\n\tat java.base/jdk.internal.reflect.DelegatingConstructorAccessorImpl.newInstance(DelegatingConstructorAccessorImpl.java:45)\r\n\tat java.base/java.lang.reflect.Constructor.newInstance(Constructor.java:490)\r\n\tat org.openqa.selenium.remote.codec.w3c.W3CHttpResponseCodec.createException(W3CHttpResponseCodec.java:200)\r\n\tat org.openqa.selenium.remote.codec.w3c.W3CHttpResponseCodec.decode(W3CHttpResponseCodec.java:133)\r\n\tat org.openqa.selenium.remote.codec.w3c.W3CHttpResponseCodec.decode(W3CHttpResponseCodec.java:53)\r\n\tat org.openqa.selenium.remote.HttpCommandExecutor.execute(HttpCommandExecutor.java:184)\r\n\tat org.openqa.selenium.remote.service.DriverCommandExecutor.invokeExecute(DriverCommandExecutor.java:164)\r\n\tat org.openqa.selenium.remote.service.DriverCommandExecutor.execute(DriverCommandExecutor.java:139)\r\n\tat org.openqa.selenium.remote.RemoteWebDriver.execute(RemoteWebDriver.java:559)\r\n\tat org.openqa.selenium.remote.RemoteWebElement.execute(RemoteWebElement.java:251)\r\n\tat org.openqa.selenium.remote.RemoteWebElement.click(RemoteWebElement.java:77)\r\n\tat org.openqa.selenium.support.ui.Select.setSelected(Select.java:315)\r\n\tat org.openqa.selenium.support.ui.Select.setSelectedByIndex(Select.java:297)\r\n\tat org.openqa.selenium.support.ui.Select.selectByIndex(Select.java:176)\r\n\tat DemopetShop.Petshop.Billingaddress(Petshop.java:53)\r\n\tat Step.MyStepdefs.placeAOrder(MyStepdefs.java:23)\r\n\tat ✽.Place a order(file:///C:/Users/SJUPUDI/IdeaProjects/DesignTest/src/main/java/DemopetShop/petshop.feature:5)\r\n"},"stage":"finished","steps":[{"name":"Given  open url of the webshop","status":"passed","statusDetails":{"known":false,"muted":false,"flaky":false},"stage":"finished","steps":[],"attachments":[],"parameters":[],"start":1670223591761,"stop":1670223601749},{"name":"And  Login to Demowebshop","status":"passed","statusDetails":{"known":false,"muted":false,"flaky":false},"stage":"finished","steps":[],"attachments":[],"parameters":[],"start":1670223601752,"stop":1670223604147},{"name":"Then  Place a order","status":"broken","statusDetails":{"known":false,"muted":false,"flaky":false,"message":"element not interactable: Element is not currently visible and may not be manipulated\n  (Session info: chrome=107.0.5304.123)\nBuild info: version: '4.0.0', revision: '3a21814679'\nSystem info: host: 'INLEN8520029822', ip: '192.168.37.1', os.name: 'Windows 10', os.arch: 'amd64', os.version: '10.0', java.version: '11.0.12'\nDriver info: org.openqa.selenium.chrome.ChromeDriver\nCommand: [8b14e26e7f8ef834a8c50c9965aac0ff, clickElement {id=56229789-9c86-49cb-ac86-0a1d46ae92ca}]\nCapabilities {acceptInsecureCerts: false, browserName: chrome, browserVersion: 107.0.5304.123, chrome: {chromedriverVersion: 106.0.5249.61 (511755355844..., userDataDir: C:\\Users\\SJUPUDI\\AppData\\Lo...}, goog:chromeOptions: {debuggerAddress: localhost:56864}, javascriptEnabled: true, networkConnectionEnabled: false, pageLoadStrategy: normal, platform: WINDOWS, platformName: WINDOWS, proxy: Proxy(), se:cdp: ws://localhost:56864/devtoo..., se:cdpVersion: 107.0.5304.123, setWindowRect: true, strictFileInteractability: false, timeouts: {implicit: 0, pageLoad: 300000, script: 30000}, unhandledPromptBehavior: dismiss and notify, webauthn:extension:credBlob: true, webauthn:extension:largeBlob: true, webauthn:virtualAuthenticators: true}\nElement: [[[[ChromeDriver: chrome on WINDOWS (8b14e26e7f8ef834a8c50c9965aac0ff)] -> id: BillingNewAddress_CountryId]] -> tag name: option]\nSession ID: 8b14e26e7f8ef834a8c50c9965aac0ff","trace":"org.openqa.selenium.ElementNotInteractableException: element not interactable: Element is not currently visible and may not be manipulated\n  (Session info: chrome=107.0.5304.123)\nBuild info: version: '4.0.0', revision: '3a21814679'\nSystem info: host: 'INLEN8520029822', ip: '192.168.37.1', os.name: 'Windows 10', os.arch: 'amd64', os.version: '10.0', java.version: '11.0.12'\nDriver info: org.openqa.selenium.chrome.ChromeDriver\nCommand: [8b14e26e7f8ef834a8c50c9965aac0ff, clickElement {id=56229789-9c86-49cb-ac86-0a1d46ae92ca}]\nCapabilities {acceptInsecureCerts: false, browserName: chrome, browserVersion: 107.0.5304.123, chrome: {chromedriverVersion: 106.0.5249.61 (511755355844..., userDataDir: C:\\Users\\SJUPUDI\\AppData\\Lo...}, goog:chromeOptions: {debuggerAddress: localhost:56864}, javascriptEnabled: true, networkConnectionEnabled: false, pageLoadStrategy: normal, platform: WINDOWS, platformName: WINDOWS, proxy: Proxy(), se:cdp: ws://localhost:56864/devtoo..., se:cdpVersion: 107.0.5304.123, setWindowRect: true, strictFileInteractability: false, timeouts: {implicit: 0, pageLoad: 300000, script: 30000}, unhandledPromptBehavior: dismiss and notify, webauthn:extension:credBlob: true, webauthn:extension:largeBlob: true, webauthn:virtualAuthenticators: true}\nElement: [[[[ChromeDriver: chrome on WINDOWS (8b14e26e7f8ef834a8c50c9965aac0ff)] -> id: BillingNewAddress_CountryId]] -> tag name: option]\nSession ID: 8b14e26e7f8ef834a8c50c9965aac0ff\r\n\tat java.base/jdk.internal.reflect.NativeConstructorAccessorImpl.newInstance0(Native Method)\r\n\tat java.base/jdk.internal.reflect.NativeConstructorAccessorImpl.newInstance(NativeConstructorAccessorImpl.java:62)\r\n\tat java.base/jdk.internal.reflect.DelegatingConstructorAccessorImpl.newInstance(DelegatingConstructorAccessorImpl.java:45)\r\n\tat java.base/java.lang.reflect.Constructor.newInstance(Constructor.java:490)\r\n\tat org.openqa.selenium.remote.codec.w3c.W3CHttpResponseCodec.createException(W3CHttpResponseCodec.java:200)\r\n\tat org.openqa.selenium.remote.codec.w3c.W3CHttpResponseCodec.decode(W3CHttpResponseCodec.java:133)\r\n\tat org.openqa.selenium.remote.codec.w3c.W3CHttpResponseCodec.decode(W3CHttpResponseCodec.java:53)\r\n\tat org.openqa.selenium.remote.HttpCommandExecutor.execute(HttpCommandExecutor.java:184)\r\n\tat org.openqa.selenium.remote.service.DriverCommandExecutor.invokeExecute(DriverCommandExecutor.java:164)\r\n\tat org.openqa.selenium.remote.service.DriverCommandExecutor.execute(DriverCommandExecutor.java:139)\r\n\tat org.openqa.selenium.remote.RemoteWebDriver.execute(RemoteWebDriver.java:559)\r\n\tat org.openqa.selenium.remote.RemoteWebElement.execute(RemoteWebElement.java:251)\r\n\tat org.openqa.selenium.remote.RemoteWebElement.click(RemoteWebElement.java:77)\r\n\tat org.openqa.selenium.support.ui.Select.setSelected(Select.java:315)\r\n\tat org.openqa.selenium.support.ui.Select.setSelectedByIndex(Select.java:297)\r\n\tat org.openqa.selenium.support.ui.Select.selectByIndex(Select.java:176)\r\n\tat DemopetShop.Petshop.Billingaddress(Petshop.java:53)\r\n\tat Step.MyStepdefs.placeAOrder(MyStepdefs.java:23)\r\n\tat ✽.Place a order(file:///C:/Users/SJUPUDI/IdeaProjects/DesignTest/src/main/java/DemopetShop/petshop.feature:5)\r\n"},"stage":"finished","steps":[],"attachments":[],"parameters":[],"start":1670223604148,"stop":1670223611470}],"attachments":[],"parameters":[],"start":1670223591758,"stop":1670223611484}